{
  error: Error: Route.post() requires a callback function but got a [object Undefined]
      at Route.<computed> [as post] (C:\Users\USER\Desktop\Skein\instant-water\node_modules\express\lib\router\route.js:202:15)
      at Function.proto.<computed> [as post] (C:\Users\USER\Desktop\Skein\instant-water\node_modules\express\lib\router\index.js:510:19)
      at Object.<anonymous> (C:\Users\USER\Desktop\Skein\instant-water\routes\user.routes.js:9:8)
      at Module._compile (node:internal/modules/cjs/loader:1101:14)
      at Object.Module._extensions..js (node:internal/modules/cjs/loader:1153:10)
      at Module.load (node:internal/modules/cjs/loader:981:32)
      at Function.Module._load (node:internal/modules/cjs/loader:822:12)
      at Module.require (node:internal/modules/cjs/loader:1005:19)
      at require (node:internal/modules/cjs/helpers:102:18)
      at Object.<anonymous> (C:\Users\USER\Desktop\Skein\instant-water\routes\index.routes.js:5:18),
  level: 'error',
  message: 'uncaughtException: Route.post() requires a callback function but got a [object Undefined]\n' +
    'Error: Route.post() requires a callback function but got a [object Undefined]\n' +
    '    at Route.<computed> [as post] (C:\\Users\\USER\\Desktop\\Skein\\instant-water\\node_modules\\express\\lib\\router\\route.js:202:15)\n' +
    '    at Function.proto.<computed> [as post] (C:\\Users\\USER\\Desktop\\Skein\\instant-water\\node_modules\\express\\lib\\router\\index.js:510:19)\n' +
    '    at Object.<anonymous> (C:\\Users\\USER\\Desktop\\Skein\\instant-water\\routes\\user.routes.js:9:8)\n' +
    '    at Module._compile (node:internal/modules/cjs/loader:1101:14)\n' +
    '    at Object.Module._extensions..js (node:internal/modules/cjs/loader:1153:10)\n' +
    '    at Module.load (node:internal/modules/cjs/loader:981:32)\n' +
    '    at Function.Module._load (node:internal/modules/cjs/loader:822:12)\n' +
    '    at Module.require (node:internal/modules/cjs/loader:1005:19)\n' +
    '    at require (node:internal/modules/cjs/helpers:102:18)\n' +
    '    at Object.<anonymous> (C:\\Users\\USER\\Desktop\\Skein\\instant-water\\routes\\index.routes.js:5:18)',
  stack: 'Error: Route.post() requires a callback function but got a [object Undefined]\n' +
    '    at Route.<computed> [as post] (C:\\Users\\USER\\Desktop\\Skein\\instant-water\\node_modules\\express\\lib\\router\\route.js:202:15)\n' +
    '    at Function.proto.<computed> [as post] (C:\\Users\\USER\\Desktop\\Skein\\instant-water\\node_modules\\express\\lib\\router\\index.js:510:19)\n' +
    '    at Object.<anonymous> (C:\\Users\\USER\\Desktop\\Skein\\instant-water\\routes\\user.routes.js:9:8)\n' +
    '    at Module._compile (node:internal/modules/cjs/loader:1101:14)\n' +
    '    at Object.Module._extensions..js (node:internal/modules/cjs/loader:1153:10)\n' +
    '    at Module.load (node:internal/modules/cjs/loader:981:32)\n' +
    '    at Function.Module._load (node:internal/modules/cjs/loader:822:12)\n' +
    '    at Module.require (node:internal/modules/cjs/loader:1005:19)\n' +
    '    at require (node:internal/modules/cjs/helpers:102:18)\n' +
    '    at Object.<anonymous> (C:\\Users\\USER\\Desktop\\Skein\\instant-water\\routes\\index.routes.js:5:18)',
  exception: true,
  date: 'Tue Nov 30 2021 17:59:26 GMT+0530 (India Standard Time)',
  process: {
    pid: 6492,
    uid: null,
    gid: null,
    cwd: 'C:\\Users\\USER\\Desktop\\Skein\\instant-water',
    execPath: 'C:\\Program Files\\nodejs\\node.exe',
    version: 'v16.13.0',
    argv: [
      'C:\\Program Files\\nodejs\\node.exe',
      'C:\\Users\\USER\\Desktop\\Skein\\instant-water\\app.js'
    ],
    memoryUsage: {
      rss: 40968192,
      heapTotal: 19030016,
      heapUsed: 13167104,
      external: 2356013,
      arrayBuffers: 251772
    }
  },
  os: { loadavg: [ 0, 0, 0 ], uptime: 74955 },
  trace: [
    {
      column: 15,
      file: 'C:\\Users\\USER\\Desktop\\Skein\\instant-water\\node_modules\\express\\lib\\router\\route.js',
      function: 'Route.<computed> [as post]',
      line: 202,
      method: '<computed> [as post]',
      native: false
    },
    {
      column: 19,
      file: 'C:\\Users\\USER\\Desktop\\Skein\\instant-water\\node_modules\\express\\lib\\router\\index.js',
      function: 'Function.proto.<computed> [as post]',
      line: 510,
      method: '<computed> [as post]',
      native: false
    },
    {
      column: 8,
      file: 'C:\\Users\\USER\\Desktop\\Skein\\instant-water\\routes\\user.routes.js',
      function: null,
      line: 9,
      method: null,
      native: false
    },
    {
      column: 14,
      file: 'node:internal/modules/cjs/loader',
      function: 'Module._compile',
      line: 1101,
      method: '_compile',
      native: false
    },
    {
      column: 10,
      file: 'node:internal/modules/cjs/loader',
      function: 'Module._extensions..js',
      line: 1153,
      method: '.js',
      native: false
    },
    {
      column: 32,
      file: 'node:internal/modules/cjs/loader',
      function: 'Module.load',
      line: 981,
      method: 'load',
      native: false
    },
    {
      column: 12,
      file: 'node:internal/modules/cjs/loader',
      function: 'Module._load',
      line: 822,
      method: '_load',
      native: false
    },
    {
      column: 19,
      file: 'node:internal/modules/cjs/loader',
      function: 'Module.require',
      line: 1005,
      method: 'require',
      native: false
    },
    {
      column: 18,
      file: 'node:internal/modules/cjs/helpers',
      function: 'require',
      line: 102,
      method: null,
      native: false
    },
    {
      column: 18,
      file: 'C:\\Users\\USER\\Desktop\\Skein\\instant-water\\routes\\index.routes.js',
      function: null,
      line: 5,
      method: null,
      native: false
    }
  ],
  label: undefined,
  timestamp: '2021-11-30T12:29:26.774Z'
}
{
  error: Error: listen EADDRINUSE: address already in use :::5000
      at Server.setupListenHandle [as _listen2] (node:net:1334:16)
      at listenInCluster (node:net:1382:12)
      at Server.listen (node:net:1469:7)
      at Function.listen (C:\Users\USER\Desktop\Skein\instant-water\node_modules\express\lib\application.js:618:24)
      at Object.<anonymous> (C:\Users\USER\Desktop\Skein\instant-water\app.js:25:5)
      at Module._compile (node:internal/modules/cjs/loader:1101:14)
      at Object.Module._extensions..js (node:internal/modules/cjs/loader:1153:10)
      at Module.load (node:internal/modules/cjs/loader:981:32)
      at Function.Module._load (node:internal/modules/cjs/loader:822:12)
      at Function.executeUserEntryPoint [as runMain] (node:internal/modules/run_main:81:12) {
    code: 'EADDRINUSE',
    errno: -4091,
    syscall: 'listen',
    address: '::',
    port: 5000
  },
  level: 'error',
  message: 'uncaughtException: listen EADDRINUSE: address already in use :::5000\n' +
    'Error: listen EADDRINUSE: address already in use :::5000\n' +
    '    at Server.setupListenHandle [as _listen2] (node:net:1334:16)\n' +
    '    at listenInCluster (node:net:1382:12)\n' +
    '    at Server.listen (node:net:1469:7)\n' +
    '    at Function.listen (C:\\Users\\USER\\Desktop\\Skein\\instant-water\\node_modules\\express\\lib\\application.js:618:24)\n' +
    '    at Object.<anonymous> (C:\\Users\\USER\\Desktop\\Skein\\instant-water\\app.js:25:5)\n' +
    '    at Module._compile (node:internal/modules/cjs/loader:1101:14)\n' +
    '    at Object.Module._extensions..js (node:internal/modules/cjs/loader:1153:10)\n' +
    '    at Module.load (node:internal/modules/cjs/loader:981:32)\n' +
    '    at Function.Module._load (node:internal/modules/cjs/loader:822:12)\n' +
    '    at Function.executeUserEntryPoint [as runMain] (node:internal/modules/run_main:81:12)',
  stack: 'Error: listen EADDRINUSE: address already in use :::5000\n' +
    '    at Server.setupListenHandle [as _listen2] (node:net:1334:16)\n' +
    '    at listenInCluster (node:net:1382:12)\n' +
    '    at Server.listen (node:net:1469:7)\n' +
    '    at Function.listen (C:\\Users\\USER\\Desktop\\Skein\\instant-water\\node_modules\\express\\lib\\application.js:618:24)\n' +
    '    at Object.<anonymous> (C:\\Users\\USER\\Desktop\\Skein\\instant-water\\app.js:25:5)\n' +
    '    at Module._compile (node:internal/modules/cjs/loader:1101:14)\n' +
    '    at Object.Module._extensions..js (node:internal/modules/cjs/loader:1153:10)\n' +
    '    at Module.load (node:internal/modules/cjs/loader:981:32)\n' +
    '    at Function.Module._load (node:internal/modules/cjs/loader:822:12)\n' +
    '    at Function.executeUserEntryPoint [as runMain] (node:internal/modules/run_main:81:12)',
  exception: true,
  date: 'Wed Dec 01 2021 10:10:33 GMT+0530 (India Standard Time)',
  process: {
    pid: 2300,
    uid: null,
    gid: null,
    cwd: 'C:\\Users\\USER\\Desktop\\Skein\\instant-water',
    execPath: 'C:\\Program Files\\nodejs\\node.exe',
    version: 'v16.13.0',
    argv: [
      'C:\\Program Files\\nodejs\\node.exe',
      'C:\\Users\\USER\\Desktop\\Skein\\instant-water\\app.js'
    ],
    memoryUsage: {
      rss: 42209280,
      heapTotal: 20078592,
      heapUsed: 12388608,
      external: 2553019,
      arrayBuffers: 79576
    }
  },
  os: { loadavg: [ 0, 0, 0 ], uptime: 44128 },
  trace: [
    {
      column: 16,
      file: 'node:net',
      function: 'Server.setupListenHandle [as _listen2]',
      line: 1334,
      method: 'setupListenHandle [as _listen2]',
      native: false
    },
    {
      column: 12,
      file: 'node:net',
      function: 'listenInCluster',
      line: 1382,
      method: null,
      native: false
    },
    {
      column: 7,
      file: 'node:net',
      function: 'Server.listen',
      line: 1469,
      method: 'listen',
      native: false
    },
    {
      column: 24,
      file: 'C:\\Users\\USER\\Desktop\\Skein\\instant-water\\node_modules\\express\\lib\\application.js',
      function: 'Function.listen',
      line: 618,
      method: 'listen',
      native: false
    },
    {
      column: 5,
      file: 'C:\\Users\\USER\\Desktop\\Skein\\instant-water\\app.js',
      function: null,
      line: 25,
      method: null,
      native: false
    },
    {
      column: 14,
      file: 'node:internal/modules/cjs/loader',
      function: 'Module._compile',
      line: 1101,
      method: '_compile',
      native: false
    },
    {
      column: 10,
      file: 'node:internal/modules/cjs/loader',
      function: 'Module._extensions..js',
      line: 1153,
      method: '.js',
      native: false
    },
    {
      column: 32,
      file: 'node:internal/modules/cjs/loader',
      function: 'Module.load',
      line: 981,
      method: 'load',
      native: false
    },
    {
      column: 12,
      file: 'node:internal/modules/cjs/loader',
      function: 'Module._load',
      line: 822,
      method: '_load',
      native: false
    },
    {
      column: 12,
      file: 'node:internal/modules/run_main',
      function: 'Function.executeUserEntryPoint [as runMain]',
      line: 81,
      method: 'executeUserEntryPoint [as runMain]',
      native: false
    }
  ],
  label: undefined,
  timestamp: '2021-12-01T04:40:33.902Z'
}
{
  error: Error [ERR_HTTP_HEADERS_SENT]: Cannot set headers after they are sent to the client
      at new NodeError (node:internal/errors:371:5)
      at ServerResponse.setHeader (node:_http_outgoing:576:11)
      at ServerResponse.header (C:\Users\USER\Desktop\Skein\instant-water\node_modules\express\lib\response.js:771:10)
      at ServerResponse.send (C:\Users\USER\Desktop\Skein\instant-water\node_modules\express\lib\response.js:170:12)
      at ServerResponse.json (C:\Users\USER\Desktop\Skein\instant-water\node_modules\express\lib\response.js:267:15)
      at ServerResponse.send (C:\Users\USER\Desktop\Skein\instant-water\node_modules\express\lib\response.js:158:21)
      at Response._ErrorMessage (C:\Users\USER\Desktop\Skein\instant-water\utils\response.js:14:43)
      at new SpErrorHandler (C:\Users\USER\Desktop\Skein\instant-water\utils\error-handler.js:91:66)
      at LoginUser (C:\Users\USER\Desktop\Skein\instant-water\controller\user.controller.js:102:10)
      at processTicksAndRejections (node:internal/process/task_queues:96:5) {
    code: 'ERR_HTTP_HEADERS_SENT'
  },
  level: 'error',
  message: 'uncaughtException: Cannot set headers after they are sent to the client\n' +
    'Error [ERR_HTTP_HEADERS_SENT]: Cannot set headers after they are sent to the client\n' +
    '    at new NodeError (node:internal/errors:371:5)\n' +
    '    at ServerResponse.setHeader (node:_http_outgoing:576:11)\n' +
    '    at ServerResponse.header (C:\\Users\\USER\\Desktop\\Skein\\instant-water\\node_modules\\express\\lib\\response.js:771:10)\n' +
    '    at ServerResponse.send (C:\\Users\\USER\\Desktop\\Skein\\instant-water\\node_modules\\express\\lib\\response.js:170:12)\n' +
    '    at ServerResponse.json (C:\\Users\\USER\\Desktop\\Skein\\instant-water\\node_modules\\express\\lib\\response.js:267:15)\n' +
    '    at ServerResponse.send (C:\\Users\\USER\\Desktop\\Skein\\instant-water\\node_modules\\express\\lib\\response.js:158:21)\n' +
    '    at Response._ErrorMessage (C:\\Users\\USER\\Desktop\\Skein\\instant-water\\utils\\response.js:14:43)\n' +
    '    at new SpErrorHandler (C:\\Users\\USER\\Desktop\\Skein\\instant-water\\utils\\error-handler.js:91:66)\n' +
    '    at LoginUser (C:\\Users\\USER\\Desktop\\Skein\\instant-water\\controller\\user.controller.js:102:10)\n' +
    '    at processTicksAndRejections (node:internal/process/task_queues:96:5)',
  stack: 'Error [ERR_HTTP_HEADERS_SENT]: Cannot set headers after they are sent to the client\n' +
    '    at new NodeError (node:internal/errors:371:5)\n' +
    '    at ServerResponse.setHeader (node:_http_outgoing:576:11)\n' +
    '    at ServerResponse.header (C:\\Users\\USER\\Desktop\\Skein\\instant-water\\node_modules\\express\\lib\\response.js:771:10)\n' +
    '    at ServerResponse.send (C:\\Users\\USER\\Desktop\\Skein\\instant-water\\node_modules\\express\\lib\\response.js:170:12)\n' +
    '    at ServerResponse.json (C:\\Users\\USER\\Desktop\\Skein\\instant-water\\node_modules\\express\\lib\\response.js:267:15)\n' +
    '    at ServerResponse.send (C:\\Users\\USER\\Desktop\\Skein\\instant-water\\node_modules\\express\\lib\\response.js:158:21)\n' +
    '    at Response._ErrorMessage (C:\\Users\\USER\\Desktop\\Skein\\instant-water\\utils\\response.js:14:43)\n' +
    '    at new SpErrorHandler (C:\\Users\\USER\\Desktop\\Skein\\instant-water\\utils\\error-handler.js:91:66)\n' +
    '    at LoginUser (C:\\Users\\USER\\Desktop\\Skein\\instant-water\\controller\\user.controller.js:102:10)\n' +
    '    at processTicksAndRejections (node:internal/process/task_queues:96:5)',
  exception: true,
  date: 'Wed Dec 01 2021 10:25:27 GMT+0530 (India Standard Time)',
  process: {
    pid: 8384,
    uid: null,
    gid: null,
    cwd: 'C:\\Users\\USER\\Desktop\\Skein\\instant-water',
    execPath: 'C:\\Program Files\\nodejs\\node.exe',
    version: 'v16.13.0',
    argv: [
      'C:\\Program Files\\nodejs\\node.exe',
      'C:\\Users\\USER\\Desktop\\Skein\\instant-water\\app.js'
    ],
    memoryUsage: {
      rss: 45592576,
      heapTotal: 29253632,
      heapUsed: 12525352,
      external: 2776596,
      arrayBuffers: 252021
    }
  },
  os: { loadavg: [ 0, 0, 0 ], uptime: 45021 },
  trace: [
    {
      column: 5,
      file: 'node:internal/errors',
      function: 'new NodeError',
      line: 371,
      method: null,
      native: false
    },
    {
      column: 11,
      file: 'node:_http_outgoing',
      function: 'ServerResponse.setHeader',
      line: 576,
      method: 'setHeader',
      native: false
    },
    {
      column: 10,
      file: 'C:\\Users\\USER\\Desktop\\Skein\\instant-water\\node_modules\\express\\lib\\response.js',
      function: 'ServerResponse.header',
      line: 771,
      method: 'header',
      native: false
    },
    {
      column: 12,
      file: 'C:\\Users\\USER\\Desktop\\Skein\\instant-water\\node_modules\\express\\lib\\response.js',
      function: 'ServerResponse.send',
      line: 170,
      method: 'send',
      native: false
    },
    {
      column: 15,
      file: 'C:\\Users\\USER\\Desktop\\Skein\\instant-water\\node_modules\\express\\lib\\response.js',
      function: 'ServerResponse.json',
      line: 267,
      method: 'json',
      native: false
    },
    {
      column: 21,
      file: 'C:\\Users\\USER\\Desktop\\Skein\\instant-water\\node_modules\\express\\lib\\response.js',
      function: 'ServerResponse.send',
      line: 158,
      method: 'send',
      native: false
    },
    {
      column: 43,
      file: 'C:\\Users\\USER\\Desktop\\Skein\\instant-water\\utils\\response.js',
      function: 'Response._ErrorMessage',
      line: 14,
      method: '_ErrorMessage',
      native: false
    },
    {
      column: 66,
      file: 'C:\\Users\\USER\\Desktop\\Skein\\instant-water\\utils\\error-handler.js',
      function: 'new SpErrorHandler',
      line: 91,
      method: null,
      native: false
    },
    {
      column: 10,
      file: 'C:\\Users\\USER\\Desktop\\Skein\\instant-water\\controller\\user.controller.js',
      function: 'LoginUser',
      line: 102,
      method: null,
      native: false
    },
    {
      column: 5,
      file: 'node:internal/process/task_queues',
      function: 'processTicksAndRejections',
      line: 96,
      method: null,
      native: false
    }
  ],
  label: undefined,
  timestamp: '2021-12-01T04:55:27.335Z'
}
{
  error: Error [ERR_HTTP_HEADERS_SENT]: Cannot set headers after they are sent to the client
      at new NodeError (node:internal/errors:371:5)
      at ServerResponse.setHeader (node:_http_outgoing:576:11)
      at ServerResponse.header (C:\Users\USER\Desktop\Skein\instant-water\node_modules\express\lib\response.js:771:10)
      at ServerResponse.send (C:\Users\USER\Desktop\Skein\instant-water\node_modules\express\lib\response.js:170:12)
      at ServerResponse.json (C:\Users\USER\Desktop\Skein\instant-water\node_modules\express\lib\response.js:267:15)
      at ServerResponse.send (C:\Users\USER\Desktop\Skein\instant-water\node_modules\express\lib\response.js:158:21)
      at Response._ErrorMessage (C:\Users\USER\Desktop\Skein\instant-water\utils\response.js:14:43)
      at new SpErrorHandler (C:\Users\USER\Desktop\Skein\instant-water\utils\error-handler.js:91:66)
      at LoginUser (C:\Users\USER\Desktop\Skein\instant-water\controller\user.controller.js:99:10)
      at processTicksAndRejections (node:internal/process/task_queues:96:5) {
    code: 'ERR_HTTP_HEADERS_SENT'
  },
  level: 'error',
  message: 'uncaughtException: Cannot set headers after they are sent to the client\n' +
    'Error [ERR_HTTP_HEADERS_SENT]: Cannot set headers after they are sent to the client\n' +
    '    at new NodeError (node:internal/errors:371:5)\n' +
    '    at ServerResponse.setHeader (node:_http_outgoing:576:11)\n' +
    '    at ServerResponse.header (C:\\Users\\USER\\Desktop\\Skein\\instant-water\\node_modules\\express\\lib\\response.js:771:10)\n' +
    '    at ServerResponse.send (C:\\Users\\USER\\Desktop\\Skein\\instant-water\\node_modules\\express\\lib\\response.js:170:12)\n' +
    '    at ServerResponse.json (C:\\Users\\USER\\Desktop\\Skein\\instant-water\\node_modules\\express\\lib\\response.js:267:15)\n' +
    '    at ServerResponse.send (C:\\Users\\USER\\Desktop\\Skein\\instant-water\\node_modules\\express\\lib\\response.js:158:21)\n' +
    '    at Response._ErrorMessage (C:\\Users\\USER\\Desktop\\Skein\\instant-water\\utils\\response.js:14:43)\n' +
    '    at new SpErrorHandler (C:\\Users\\USER\\Desktop\\Skein\\instant-water\\utils\\error-handler.js:91:66)\n' +
    '    at LoginUser (C:\\Users\\USER\\Desktop\\Skein\\instant-water\\controller\\user.controller.js:99:10)\n' +
    '    at processTicksAndRejections (node:internal/process/task_queues:96:5)',
  stack: 'Error [ERR_HTTP_HEADERS_SENT]: Cannot set headers after they are sent to the client\n' +
    '    at new NodeError (node:internal/errors:371:5)\n' +
    '    at ServerResponse.setHeader (node:_http_outgoing:576:11)\n' +
    '    at ServerResponse.header (C:\\Users\\USER\\Desktop\\Skein\\instant-water\\node_modules\\express\\lib\\response.js:771:10)\n' +
    '    at ServerResponse.send (C:\\Users\\USER\\Desktop\\Skein\\instant-water\\node_modules\\express\\lib\\response.js:170:12)\n' +
    '    at ServerResponse.json (C:\\Users\\USER\\Desktop\\Skein\\instant-water\\node_modules\\express\\lib\\response.js:267:15)\n' +
    '    at ServerResponse.send (C:\\Users\\USER\\Desktop\\Skein\\instant-water\\node_modules\\express\\lib\\response.js:158:21)\n' +
    '    at Response._ErrorMessage (C:\\Users\\USER\\Desktop\\Skein\\instant-water\\utils\\response.js:14:43)\n' +
    '    at new SpErrorHandler (C:\\Users\\USER\\Desktop\\Skein\\instant-water\\utils\\error-handler.js:91:66)\n' +
    '    at LoginUser (C:\\Users\\USER\\Desktop\\Skein\\instant-water\\controller\\user.controller.js:99:10)\n' +
    '    at processTicksAndRejections (node:internal/process/task_queues:96:5)',
  exception: true,
  date: 'Wed Dec 01 2021 10:25:59 GMT+0530 (India Standard Time)',
  process: {
    pid: 8128,
    uid: null,
    gid: null,
    cwd: 'C:\\Users\\USER\\Desktop\\Skein\\instant-water',
    execPath: 'C:\\Program Files\\nodejs\\node.exe',
    version: 'v16.13.0',
    argv: [
      'C:\\Program Files\\nodejs\\node.exe',
      'C:\\Users\\USER\\Desktop\\Skein\\instant-water\\app.js'
    ],
    memoryUsage: {
      rss: 45187072,
      heapTotal: 29253632,
      heapUsed: 12533648,
      external: 2776596,
      arrayBuffers: 252021
    }
  },
  os: { loadavg: [ 0, 0, 0 ], uptime: 45054 },
  trace: [
    {
      column: 5,
      file: 'node:internal/errors',
      function: 'new NodeError',
      line: 371,
      method: null,
      native: false
    },
    {
      column: 11,
      file: 'node:_http_outgoing',
      function: 'ServerResponse.setHeader',
      line: 576,
      method: 'setHeader',
      native: false
    },
    {
      column: 10,
      file: 'C:\\Users\\USER\\Desktop\\Skein\\instant-water\\node_modules\\express\\lib\\response.js',
      function: 'ServerResponse.header',
      line: 771,
      method: 'header',
      native: false
    },
    {
      column: 12,
      file: 'C:\\Users\\USER\\Desktop\\Skein\\instant-water\\node_modules\\express\\lib\\response.js',
      function: 'ServerResponse.send',
      line: 170,
      method: 'send',
      native: false
    },
    {
      column: 15,
      file: 'C:\\Users\\USER\\Desktop\\Skein\\instant-water\\node_modules\\express\\lib\\response.js',
      function: 'ServerResponse.json',
      line: 267,
      method: 'json',
      native: false
    },
    {
      column: 21,
      file: 'C:\\Users\\USER\\Desktop\\Skein\\instant-water\\node_modules\\express\\lib\\response.js',
      function: 'ServerResponse.send',
      line: 158,
      method: 'send',
      native: false
    },
    {
      column: 43,
      file: 'C:\\Users\\USER\\Desktop\\Skein\\instant-water\\utils\\response.js',
      function: 'Response._ErrorMessage',
      line: 14,
      method: '_ErrorMessage',
      native: false
    },
    {
      column: 66,
      file: 'C:\\Users\\USER\\Desktop\\Skein\\instant-water\\utils\\error-handler.js',
      function: 'new SpErrorHandler',
      line: 91,
      method: null,
      native: false
    },
    {
      column: 10,
      file: 'C:\\Users\\USER\\Desktop\\Skein\\instant-water\\controller\\user.controller.js',
      function: 'LoginUser',
      line: 99,
      method: null,
      native: false
    },
    {
      column: 5,
      file: 'node:internal/process/task_queues',
      function: 'processTicksAndRejections',
      line: 96,
      method: null,
      native: false
    }
  ],
  label: undefined,
  timestamp: '2021-12-01T04:56:00.028Z'
}
{
  error: Error: Route.post() requires a callback function but got a [object Undefined]
      at Route.<computed> [as post] (C:\Users\USER\Desktop\Skein\instant-water\node_modules\express\lib\router\route.js:202:15)
      at Function.proto.<computed> [as post] (C:\Users\USER\Desktop\Skein\instant-water\node_modules\express\lib\router\index.js:510:19)
      at Object.<anonymous> (C:\Users\USER\Desktop\Skein\instant-water\routes\user.routes.js:9:8)
      at Module._compile (node:internal/modules/cjs/loader:1101:14)
      at Object.Module._extensions..js (node:internal/modules/cjs/loader:1153:10)
      at Module.load (node:internal/modules/cjs/loader:981:32)
      at Function.Module._load (node:internal/modules/cjs/loader:822:12)
      at Module.require (node:internal/modules/cjs/loader:1005:19)
      at require (node:internal/modules/cjs/helpers:102:18)
      at Object.<anonymous> (C:\Users\USER\Desktop\Skein\instant-water\routes\index.routes.js:5:18),
  level: 'error',
  message: 'uncaughtException: Route.post() requires a callback function but got a [object Undefined]\n' +
    'Error: Route.post() requires a callback function but got a [object Undefined]\n' +
    '    at Route.<computed> [as post] (C:\\Users\\USER\\Desktop\\Skein\\instant-water\\node_modules\\express\\lib\\router\\route.js:202:15)\n' +
    '    at Function.proto.<computed> [as post] (C:\\Users\\USER\\Desktop\\Skein\\instant-water\\node_modules\\express\\lib\\router\\index.js:510:19)\n' +
    '    at Object.<anonymous> (C:\\Users\\USER\\Desktop\\Skein\\instant-water\\routes\\user.routes.js:9:8)\n' +
    '    at Module._compile (node:internal/modules/cjs/loader:1101:14)\n' +
    '    at Object.Module._extensions..js (node:internal/modules/cjs/loader:1153:10)\n' +
    '    at Module.load (node:internal/modules/cjs/loader:981:32)\n' +
    '    at Function.Module._load (node:internal/modules/cjs/loader:822:12)\n' +
    '    at Module.require (node:internal/modules/cjs/loader:1005:19)\n' +
    '    at require (node:internal/modules/cjs/helpers:102:18)\n' +
    '    at Object.<anonymous> (C:\\Users\\USER\\Desktop\\Skein\\instant-water\\routes\\index.routes.js:5:18)',
  stack: 'Error: Route.post() requires a callback function but got a [object Undefined]\n' +
    '    at Route.<computed> [as post] (C:\\Users\\USER\\Desktop\\Skein\\instant-water\\node_modules\\express\\lib\\router\\route.js:202:15)\n' +
    '    at Function.proto.<computed> [as post] (C:\\Users\\USER\\Desktop\\Skein\\instant-water\\node_modules\\express\\lib\\router\\index.js:510:19)\n' +
    '    at Object.<anonymous> (C:\\Users\\USER\\Desktop\\Skein\\instant-water\\routes\\user.routes.js:9:8)\n' +
    '    at Module._compile (node:internal/modules/cjs/loader:1101:14)\n' +
    '    at Object.Module._extensions..js (node:internal/modules/cjs/loader:1153:10)\n' +
    '    at Module.load (node:internal/modules/cjs/loader:981:32)\n' +
    '    at Function.Module._load (node:internal/modules/cjs/loader:822:12)\n' +
    '    at Module.require (node:internal/modules/cjs/loader:1005:19)\n' +
    '    at require (node:internal/modules/cjs/helpers:102:18)\n' +
    '    at Object.<anonymous> (C:\\Users\\USER\\Desktop\\Skein\\instant-water\\routes\\index.routes.js:5:18)',
  exception: true,
  date: 'Wed Dec 01 2021 10:49:26 GMT+0530 (India Standard Time)',
  process: {
    pid: 2284,
    uid: null,
    gid: null,
    cwd: 'C:\\Users\\USER\\Desktop\\Skein\\instant-water',
    execPath: 'C:\\Program Files\\nodejs\\node.exe',
    version: 'v16.13.0',
    argv: [
      'C:\\Program Files\\nodejs\\node.exe',
      'C:\\Users\\USER\\Desktop\\Skein\\instant-water\\app.js'
    ],
    memoryUsage: {
      rss: 41975808,
      heapTotal: 20340736,
      heapUsed: 12259144,
      external: 2533618,
      arrayBuffers: 79576
    }
  },
  os: { loadavg: [ 0, 0, 0 ], uptime: 46461 },
  trace: [
    {
      column: 15,
      file: 'C:\\Users\\USER\\Desktop\\Skein\\instant-water\\node_modules\\express\\lib\\router\\route.js',
      function: 'Route.<computed> [as post]',
      line: 202,
      method: '<computed> [as post]',
      native: false
    },
    {
      column: 19,
      file: 'C:\\Users\\USER\\Desktop\\Skein\\instant-water\\node_modules\\express\\lib\\router\\index.js',
      function: 'Function.proto.<computed> [as post]',
      line: 510,
      method: '<computed> [as post]',
      native: false
    },
    {
      column: 8,
      file: 'C:\\Users\\USER\\Desktop\\Skein\\instant-water\\routes\\user.routes.js',
      function: null,
      line: 9,
      method: null,
      native: false
    },
    {
      column: 14,
      file: 'node:internal/modules/cjs/loader',
      function: 'Module._compile',
      line: 1101,
      method: '_compile',
      native: false
    },
    {
      column: 10,
      file: 'node:internal/modules/cjs/loader',
      function: 'Module._extensions..js',
      line: 1153,
      method: '.js',
      native: false
    },
    {
      column: 32,
      file: 'node:internal/modules/cjs/loader',
      function: 'Module.load',
      line: 981,
      method: 'load',
      native: false
    },
    {
      column: 12,
      file: 'node:internal/modules/cjs/loader',
      function: 'Module._load',
      line: 822,
      method: '_load',
      native: false
    },
    {
      column: 19,
      file: 'node:internal/modules/cjs/loader',
      function: 'Module.require',
      line: 1005,
      method: 'require',
      native: false
    },
    {
      column: 18,
      file: 'node:internal/modules/cjs/helpers',
      function: 'require',
      line: 102,
      method: null,
      native: false
    },
    {
      column: 18,
      file: 'C:\\Users\\USER\\Desktop\\Skein\\instant-water\\routes\\index.routes.js',
      function: null,
      line: 5,
      method: null,
      native: false
    }
  ],
  label: undefined,
  timestamp: '2021-12-01T05:19:26.881Z'
}
{
  error: Error: Route.post() requires a callback function but got a [object Undefined]
      at Route.<computed> [as post] (C:\Users\USER\Desktop\Skein\instant-water\node_modules\express\lib\router\route.js:202:15)
      at Function.proto.<computed> [as post] (C:\Users\USER\Desktop\Skein\instant-water\node_modules\express\lib\router\index.js:510:19)
      at Object.<anonymous> (C:\Users\USER\Desktop\Skein\instant-water\routes\user.routes.js:9:8)
      at Module._compile (node:internal/modules/cjs/loader:1101:14)
      at Object.Module._extensions..js (node:internal/modules/cjs/loader:1153:10)
      at Module.load (node:internal/modules/cjs/loader:981:32)
      at Function.Module._load (node:internal/modules/cjs/loader:822:12)
      at Module.require (node:internal/modules/cjs/loader:1005:19)
      at require (node:internal/modules/cjs/helpers:102:18)
      at Object.<anonymous> (C:\Users\USER\Desktop\Skein\instant-water\routes\index.routes.js:5:18),
  level: 'error',
  message: 'uncaughtException: Route.post() requires a callback function but got a [object Undefined]\n' +
    'Error: Route.post() requires a callback function but got a [object Undefined]\n' +
    '    at Route.<computed> [as post] (C:\\Users\\USER\\Desktop\\Skein\\instant-water\\node_modules\\express\\lib\\router\\route.js:202:15)\n' +
    '    at Function.proto.<computed> [as post] (C:\\Users\\USER\\Desktop\\Skein\\instant-water\\node_modules\\express\\lib\\router\\index.js:510:19)\n' +
    '    at Object.<anonymous> (C:\\Users\\USER\\Desktop\\Skein\\instant-water\\routes\\user.routes.js:9:8)\n' +
    '    at Module._compile (node:internal/modules/cjs/loader:1101:14)\n' +
    '    at Object.Module._extensions..js (node:internal/modules/cjs/loader:1153:10)\n' +
    '    at Module.load (node:internal/modules/cjs/loader:981:32)\n' +
    '    at Function.Module._load (node:internal/modules/cjs/loader:822:12)\n' +
    '    at Module.require (node:internal/modules/cjs/loader:1005:19)\n' +
    '    at require (node:internal/modules/cjs/helpers:102:18)\n' +
    '    at Object.<anonymous> (C:\\Users\\USER\\Desktop\\Skein\\instant-water\\routes\\index.routes.js:5:18)',
  stack: 'Error: Route.post() requires a callback function but got a [object Undefined]\n' +
    '    at Route.<computed> [as post] (C:\\Users\\USER\\Desktop\\Skein\\instant-water\\node_modules\\express\\lib\\router\\route.js:202:15)\n' +
    '    at Function.proto.<computed> [as post] (C:\\Users\\USER\\Desktop\\Skein\\instant-water\\node_modules\\express\\lib\\router\\index.js:510:19)\n' +
    '    at Object.<anonymous> (C:\\Users\\USER\\Desktop\\Skein\\instant-water\\routes\\user.routes.js:9:8)\n' +
    '    at Module._compile (node:internal/modules/cjs/loader:1101:14)\n' +
    '    at Object.Module._extensions..js (node:internal/modules/cjs/loader:1153:10)\n' +
    '    at Module.load (node:internal/modules/cjs/loader:981:32)\n' +
    '    at Function.Module._load (node:internal/modules/cjs/loader:822:12)\n' +
    '    at Module.require (node:internal/modules/cjs/loader:1005:19)\n' +
    '    at require (node:internal/modules/cjs/helpers:102:18)\n' +
    '    at Object.<anonymous> (C:\\Users\\USER\\Desktop\\Skein\\instant-water\\routes\\index.routes.js:5:18)',
  exception: true,
  date: 'Wed Dec 01 2021 10:49:31 GMT+0530 (India Standard Time)',
  process: {
    pid: 11120,
    uid: null,
    gid: null,
    cwd: 'C:\\Users\\USER\\Desktop\\Skein\\instant-water',
    execPath: 'C:\\Program Files\\nodejs\\node.exe',
    version: 'v16.13.0',
    argv: [
      'C:\\Program Files\\nodejs\\node.exe',
      'C:\\Users\\USER\\Desktop\\Skein\\instant-water\\app.js'
    ],
    memoryUsage: {
      rss: 42188800,
      heapTotal: 20340736,
      heapUsed: 12408240,
      external: 2533618,
      arrayBuffers: 98292
    }
  },
  os: { loadavg: [ 0, 0, 0 ], uptime: 46466 },
  trace: [
    {
      column: 15,
      file: 'C:\\Users\\USER\\Desktop\\Skein\\instant-water\\node_modules\\express\\lib\\router\\route.js',
      function: 'Route.<computed> [as post]',
      line: 202,
      method: '<computed> [as post]',
      native: false
    },
    {
      column: 19,
      file: 'C:\\Users\\USER\\Desktop\\Skein\\instant-water\\node_modules\\express\\lib\\router\\index.js',
      function: 'Function.proto.<computed> [as post]',
      line: 510,
      method: '<computed> [as post]',
      native: false
    },
    {
      column: 8,
      file: 'C:\\Users\\USER\\Desktop\\Skein\\instant-water\\routes\\user.routes.js',
      function: null,
      line: 9,
      method: null,
      native: false
    },
    {
      column: 14,
      file: 'node:internal/modules/cjs/loader',
      function: 'Module._compile',
      line: 1101,
      method: '_compile',
      native: false
    },
    {
      column: 10,
      file: 'node:internal/modules/cjs/loader',
      function: 'Module._extensions..js',
      line: 1153,
      method: '.js',
      native: false
    },
    {
      column: 32,
      file: 'node:internal/modules/cjs/loader',
      function: 'Module.load',
      line: 981,
      method: 'load',
      native: false
    },
    {
      column: 12,
      file: 'node:internal/modules/cjs/loader',
      function: 'Module._load',
      line: 822,
      method: '_load',
      native: false
    },
    {
      column: 19,
      file: 'node:internal/modules/cjs/loader',
      function: 'Module.require',
      line: 1005,
      method: 'require',
      native: false
    },
    {
      column: 18,
      file: 'node:internal/modules/cjs/helpers',
      function: 'require',
      line: 102,
      method: null,
      native: false
    },
    {
      column: 18,
      file: 'C:\\Users\\USER\\Desktop\\Skein\\instant-water\\routes\\index.routes.js',
      function: null,
      line: 5,
      method: null,
      native: false
    }
  ],
  label: undefined,
  timestamp: '2021-12-01T05:19:31.707Z'
}
{
  error: Error [ERR_HTTP_HEADERS_SENT]: Cannot set headers after they are sent to the client
      at new NodeError (node:internal/errors:371:5)
      at ServerResponse.setHeader (node:_http_outgoing:576:11)
      at ServerResponse.header (C:\Users\USER\Desktop\Skein\instant-water\node_modules\express\lib\response.js:771:10)
      at ServerResponse.send (C:\Users\USER\Desktop\Skein\instant-water\node_modules\express\lib\response.js:170:12)
      at ServerResponse.json (C:\Users\USER\Desktop\Skein\instant-water\node_modules\express\lib\response.js:267:15)
      at ServerResponse.send (C:\Users\USER\Desktop\Skein\instant-water\node_modules\express\lib\response.js:158:21)
      at Response._ErrorMessage (C:\Users\USER\Desktop\Skein\instant-water\utils\response.js:14:43)
      at new SpErrorHandler (C:\Users\USER\Desktop\Skein\instant-water\utils\error-handler.js:91:66)
      at LoginUser (C:\Users\USER\Desktop\Skein\instant-water\controller\user.controller.js:108:10) {
    code: 'ERR_HTTP_HEADERS_SENT'
  },
  level: 'error',
  message: 'uncaughtException: Cannot set headers after they are sent to the client\n' +
    'Error [ERR_HTTP_HEADERS_SENT]: Cannot set headers after they are sent to the client\n' +
    '    at new NodeError (node:internal/errors:371:5)\n' +
    '    at ServerResponse.setHeader (node:_http_outgoing:576:11)\n' +
    '    at ServerResponse.header (C:\\Users\\USER\\Desktop\\Skein\\instant-water\\node_modules\\express\\lib\\response.js:771:10)\n' +
    '    at ServerResponse.send (C:\\Users\\USER\\Desktop\\Skein\\instant-water\\node_modules\\express\\lib\\response.js:170:12)\n' +
    '    at ServerResponse.json (C:\\Users\\USER\\Desktop\\Skein\\instant-water\\node_modules\\express\\lib\\response.js:267:15)\n' +
    '    at ServerResponse.send (C:\\Users\\USER\\Desktop\\Skein\\instant-water\\node_modules\\express\\lib\\response.js:158:21)\n' +
    '    at Response._ErrorMessage (C:\\Users\\USER\\Desktop\\Skein\\instant-water\\utils\\response.js:14:43)\n' +
    '    at new SpErrorHandler (C:\\Users\\USER\\Desktop\\Skein\\instant-water\\utils\\error-handler.js:91:66)\n' +
    '    at LoginUser (C:\\Users\\USER\\Desktop\\Skein\\instant-water\\controller\\user.controller.js:108:10)',
  stack: 'Error [ERR_HTTP_HEADERS_SENT]: Cannot set headers after they are sent to the client\n' +
    '    at new NodeError (node:internal/errors:371:5)\n' +
    '    at ServerResponse.setHeader (node:_http_outgoing:576:11)\n' +
    '    at ServerResponse.header (C:\\Users\\USER\\Desktop\\Skein\\instant-water\\node_modules\\express\\lib\\response.js:771:10)\n' +
    '    at ServerResponse.send (C:\\Users\\USER\\Desktop\\Skein\\instant-water\\node_modules\\express\\lib\\response.js:170:12)\n' +
    '    at ServerResponse.json (C:\\Users\\USER\\Desktop\\Skein\\instant-water\\node_modules\\express\\lib\\response.js:267:15)\n' +
    '    at ServerResponse.send (C:\\Users\\USER\\Desktop\\Skein\\instant-water\\node_modules\\express\\lib\\response.js:158:21)\n' +
    '    at Response._ErrorMessage (C:\\Users\\USER\\Desktop\\Skein\\instant-water\\utils\\response.js:14:43)\n' +
    '    at new SpErrorHandler (C:\\Users\\USER\\Desktop\\Skein\\instant-water\\utils\\error-handler.js:91:66)\n' +
    '    at LoginUser (C:\\Users\\USER\\Desktop\\Skein\\instant-water\\controller\\user.controller.js:108:10)',
  exception: true,
  date: 'Wed Dec 01 2021 12:01:24 GMT+0530 (India Standard Time)',
  process: {
    pid: 10884,
    uid: null,
    gid: null,
    cwd: 'C:\\Users\\USER\\Desktop\\Skein\\instant-water',
    execPath: 'C:\\Program Files\\nodejs\\node.exe',
    version: 'v16.13.0',
    argv: [
      'C:\\Program Files\\nodejs\\node.exe',
      'C:\\Users\\USER\\Desktop\\Skein\\instant-water\\app.js'
    ],
    memoryUsage: {
      rss: 45568000,
      heapTotal: 29515776,
      heapUsed: 13529672,
      external: 2780802,
      arrayBuffers: 256227
    }
  },
  os: { loadavg: [ 0, 0, 0 ], uptime: 50779 },
  trace: [
    {
      column: 5,
      file: 'node:internal/errors',
      function: 'new NodeError',
      line: 371,
      method: null,
      native: false
    },
    {
      column: 11,
      file: 'node:_http_outgoing',
      function: 'ServerResponse.setHeader',
      line: 576,
      method: 'setHeader',
      native: false
    },
    {
      column: 10,
      file: 'C:\\Users\\USER\\Desktop\\Skein\\instant-water\\node_modules\\express\\lib\\response.js',
      function: 'ServerResponse.header',
      line: 771,
      method: 'header',
      native: false
    },
    {
      column: 12,
      file: 'C:\\Users\\USER\\Desktop\\Skein\\instant-water\\node_modules\\express\\lib\\response.js',
      function: 'ServerResponse.send',
      line: 170,
      method: 'send',
      native: false
    },
    {
      column: 15,
      file: 'C:\\Users\\USER\\Desktop\\Skein\\instant-water\\node_modules\\express\\lib\\response.js',
      function: 'ServerResponse.json',
      line: 267,
      method: 'json',
      native: false
    },
    {
      column: 21,
      file: 'C:\\Users\\USER\\Desktop\\Skein\\instant-water\\node_modules\\express\\lib\\response.js',
      function: 'ServerResponse.send',
      line: 158,
      method: 'send',
      native: false
    },
    {
      column: 43,
      file: 'C:\\Users\\USER\\Desktop\\Skein\\instant-water\\utils\\response.js',
      function: 'Response._ErrorMessage',
      line: 14,
      method: '_ErrorMessage',
      native: false
    },
    {
      column: 66,
      file: 'C:\\Users\\USER\\Desktop\\Skein\\instant-water\\utils\\error-handler.js',
      function: 'new SpErrorHandler',
      line: 91,
      method: null,
      native: false
    },
    {
      column: 10,
      file: 'C:\\Users\\USER\\Desktop\\Skein\\instant-water\\controller\\user.controller.js',
      function: 'LoginUser',
      line: 108,
      method: null,
      native: false
    }
  ],
  label: undefined,
  timestamp: '2021-12-01T06:31:24.685Z'
}
{
  error: Error [ERR_HTTP_HEADERS_SENT]: Cannot set headers after they are sent to the client
      at new NodeError (node:internal/errors:371:5)
      at ServerResponse.setHeader (node:_http_outgoing:576:11)
      at ServerResponse.header (C:\Users\USER\Desktop\Skein\instant-water\node_modules\express\lib\response.js:771:10)
      at ServerResponse.send (C:\Users\USER\Desktop\Skein\instant-water\node_modules\express\lib\response.js:170:12)
      at ServerResponse.json (C:\Users\USER\Desktop\Skein\instant-water\node_modules\express\lib\response.js:267:15)
      at ServerResponse.send (C:\Users\USER\Desktop\Skein\instant-water\node_modules\express\lib\response.js:158:21)
      at Response._ErrorMessage (C:\Users\USER\Desktop\Skein\instant-water\utils\response.js:14:43)
      at new SpErrorHandler (C:\Users\USER\Desktop\Skein\instant-water\utils\error-handler.js:91:66)
      at LoginUser (C:\Users\USER\Desktop\Skein\instant-water\controller\user.controller.js:108:10) {
    code: 'ERR_HTTP_HEADERS_SENT'
  },
  level: 'error',
  message: 'uncaughtException: Cannot set headers after they are sent to the client\n' +
    'Error [ERR_HTTP_HEADERS_SENT]: Cannot set headers after they are sent to the client\n' +
    '    at new NodeError (node:internal/errors:371:5)\n' +
    '    at ServerResponse.setHeader (node:_http_outgoing:576:11)\n' +
    '    at ServerResponse.header (C:\\Users\\USER\\Desktop\\Skein\\instant-water\\node_modules\\express\\lib\\response.js:771:10)\n' +
    '    at ServerResponse.send (C:\\Users\\USER\\Desktop\\Skein\\instant-water\\node_modules\\express\\lib\\response.js:170:12)\n' +
    '    at ServerResponse.json (C:\\Users\\USER\\Desktop\\Skein\\instant-water\\node_modules\\express\\lib\\response.js:267:15)\n' +
    '    at ServerResponse.send (C:\\Users\\USER\\Desktop\\Skein\\instant-water\\node_modules\\express\\lib\\response.js:158:21)\n' +
    '    at Response._ErrorMessage (C:\\Users\\USER\\Desktop\\Skein\\instant-water\\utils\\response.js:14:43)\n' +
    '    at new SpErrorHandler (C:\\Users\\USER\\Desktop\\Skein\\instant-water\\utils\\error-handler.js:91:66)\n' +
    '    at LoginUser (C:\\Users\\USER\\Desktop\\Skein\\instant-water\\controller\\user.controller.js:108:10)',
  stack: 'Error [ERR_HTTP_HEADERS_SENT]: Cannot set headers after they are sent to the client\n' +
    '    at new NodeError (node:internal/errors:371:5)\n' +
    '    at ServerResponse.setHeader (node:_http_outgoing:576:11)\n' +
    '    at ServerResponse.header (C:\\Users\\USER\\Desktop\\Skein\\instant-water\\node_modules\\express\\lib\\response.js:771:10)\n' +
    '    at ServerResponse.send (C:\\Users\\USER\\Desktop\\Skein\\instant-water\\node_modules\\express\\lib\\response.js:170:12)\n' +
    '    at ServerResponse.json (C:\\Users\\USER\\Desktop\\Skein\\instant-water\\node_modules\\express\\lib\\response.js:267:15)\n' +
    '    at ServerResponse.send (C:\\Users\\USER\\Desktop\\Skein\\instant-water\\node_modules\\express\\lib\\response.js:158:21)\n' +
    '    at Response._ErrorMessage (C:\\Users\\USER\\Desktop\\Skein\\instant-water\\utils\\response.js:14:43)\n' +
    '    at new SpErrorHandler (C:\\Users\\USER\\Desktop\\Skein\\instant-water\\utils\\error-handler.js:91:66)\n' +
    '    at LoginUser (C:\\Users\\USER\\Desktop\\Skein\\instant-water\\controller\\user.controller.js:108:10)',
  exception: true,
  date: 'Wed Dec 01 2021 12:09:54 GMT+0530 (India Standard Time)',
  process: {
    pid: 6376,
    uid: null,
    gid: null,
    cwd: 'C:\\Users\\USER\\Desktop\\Skein\\instant-water',
    execPath: 'C:\\Program Files\\nodejs\\node.exe',
    version: 'v16.13.0',
    argv: [
      'C:\\Program Files\\nodejs\\node.exe',
      'C:\\Users\\USER\\Desktop\\Skein\\instant-water\\app.js'
    ],
    memoryUsage: {
      rss: 37736448,
      heapTotal: 13787136,
      heapUsed: 12553416,
      external: 1101825,
      arrayBuffers: 53832
    }
  },
  os: { loadavg: [ 0, 0, 0 ], uptime: 51288 },
  trace: [
    {
      column: 5,
      file: 'node:internal/errors',
      function: 'new NodeError',
      line: 371,
      method: null,
      native: false
    },
    {
      column: 11,
      file: 'node:_http_outgoing',
      function: 'ServerResponse.setHeader',
      line: 576,
      method: 'setHeader',
      native: false
    },
    {
      column: 10,
      file: 'C:\\Users\\USER\\Desktop\\Skein\\instant-water\\node_modules\\express\\lib\\response.js',
      function: 'ServerResponse.header',
      line: 771,
      method: 'header',
      native: false
    },
    {
      column: 12,
      file: 'C:\\Users\\USER\\Desktop\\Skein\\instant-water\\node_modules\\express\\lib\\response.js',
      function: 'ServerResponse.send',
      line: 170,
      method: 'send',
      native: false
    },
    {
      column: 15,
      file: 'C:\\Users\\USER\\Desktop\\Skein\\instant-water\\node_modules\\express\\lib\\response.js',
      function: 'ServerResponse.json',
      line: 267,
      method: 'json',
      native: false
    },
    {
      column: 21,
      file: 'C:\\Users\\USER\\Desktop\\Skein\\instant-water\\node_modules\\express\\lib\\response.js',
      function: 'ServerResponse.send',
      line: 158,
      method: 'send',
      native: false
    },
    {
      column: 43,
      file: 'C:\\Users\\USER\\Desktop\\Skein\\instant-water\\utils\\response.js',
      function: 'Response._ErrorMessage',
      line: 14,
      method: '_ErrorMessage',
      native: false
    },
    {
      column: 66,
      file: 'C:\\Users\\USER\\Desktop\\Skein\\instant-water\\utils\\error-handler.js',
      function: 'new SpErrorHandler',
      line: 91,
      method: null,
      native: false
    },
    {
      column: 10,
      file: 'C:\\Users\\USER\\Desktop\\Skein\\instant-water\\controller\\user.controller.js',
      function: 'LoginUser',
      line: 108,
      method: null,
      native: false
    }
  ],
  label: undefined,
  timestamp: '2021-12-01T06:39:54.156Z'
}
{
  error: Error [ERR_HTTP_HEADERS_SENT]: Cannot set headers after they are sent to the client
      at new NodeError (node:internal/errors:371:5)
      at ServerResponse.setHeader (node:_http_outgoing:576:11)
      at ServerResponse.header (C:\Users\USER\Desktop\Skein\instant-water\node_modules\express\lib\response.js:771:10)
      at ServerResponse.send (C:\Users\USER\Desktop\Skein\instant-water\node_modules\express\lib\response.js:170:12)
      at ServerResponse.json (C:\Users\USER\Desktop\Skein\instant-water\node_modules\express\lib\response.js:267:15)
      at ServerResponse.send (C:\Users\USER\Desktop\Skein\instant-water\node_modules\express\lib\response.js:158:21)
      at Response._ErrorMessage (C:\Users\USER\Desktop\Skein\instant-water\utils\response.js:14:43)
      at new SpErrorHandler (C:\Users\USER\Desktop\Skein\instant-water\utils\error-handler.js:91:66)
      at LoginUser (C:\Users\USER\Desktop\Skein\instant-water\controller\user.controller.js:105:10) {
    code: 'ERR_HTTP_HEADERS_SENT'
  },
  level: 'error',
  message: 'uncaughtException: Cannot set headers after they are sent to the client\n' +
    'Error [ERR_HTTP_HEADERS_SENT]: Cannot set headers after they are sent to the client\n' +
    '    at new NodeError (node:internal/errors:371:5)\n' +
    '    at ServerResponse.setHeader (node:_http_outgoing:576:11)\n' +
    '    at ServerResponse.header (C:\\Users\\USER\\Desktop\\Skein\\instant-water\\node_modules\\express\\lib\\response.js:771:10)\n' +
    '    at ServerResponse.send (C:\\Users\\USER\\Desktop\\Skein\\instant-water\\node_modules\\express\\lib\\response.js:170:12)\n' +
    '    at ServerResponse.json (C:\\Users\\USER\\Desktop\\Skein\\instant-water\\node_modules\\express\\lib\\response.js:267:15)\n' +
    '    at ServerResponse.send (C:\\Users\\USER\\Desktop\\Skein\\instant-water\\node_modules\\express\\lib\\response.js:158:21)\n' +
    '    at Response._ErrorMessage (C:\\Users\\USER\\Desktop\\Skein\\instant-water\\utils\\response.js:14:43)\n' +
    '    at new SpErrorHandler (C:\\Users\\USER\\Desktop\\Skein\\instant-water\\utils\\error-handler.js:91:66)\n' +
    '    at LoginUser (C:\\Users\\USER\\Desktop\\Skein\\instant-water\\controller\\user.controller.js:105:10)',
  stack: 'Error [ERR_HTTP_HEADERS_SENT]: Cannot set headers after they are sent to the client\n' +
    '    at new NodeError (node:internal/errors:371:5)\n' +
    '    at ServerResponse.setHeader (node:_http_outgoing:576:11)\n' +
    '    at ServerResponse.header (C:\\Users\\USER\\Desktop\\Skein\\instant-water\\node_modules\\express\\lib\\response.js:771:10)\n' +
    '    at ServerResponse.send (C:\\Users\\USER\\Desktop\\Skein\\instant-water\\node_modules\\express\\lib\\response.js:170:12)\n' +
    '    at ServerResponse.json (C:\\Users\\USER\\Desktop\\Skein\\instant-water\\node_modules\\express\\lib\\response.js:267:15)\n' +
    '    at ServerResponse.send (C:\\Users\\USER\\Desktop\\Skein\\instant-water\\node_modules\\express\\lib\\response.js:158:21)\n' +
    '    at Response._ErrorMessage (C:\\Users\\USER\\Desktop\\Skein\\instant-water\\utils\\response.js:14:43)\n' +
    '    at new SpErrorHandler (C:\\Users\\USER\\Desktop\\Skein\\instant-water\\utils\\error-handler.js:91:66)\n' +
    '    at LoginUser (C:\\Users\\USER\\Desktop\\Skein\\instant-water\\controller\\user.controller.js:105:10)',
  exception: true,
  date: 'Wed Dec 01 2021 12:42:32 GMT+0530 (India Standard Time)',
  process: {
    pid: 12768,
    uid: null,
    gid: null,
    cwd: 'C:\\Users\\USER\\Desktop\\Skein\\instant-water',
    execPath: 'C:\\Program Files\\nodejs\\node.exe',
    version: 'v16.13.0',
    argv: [
      'C:\\Program Files\\nodejs\\node.exe',
      'C:\\Users\\USER\\Desktop\\Skein\\instant-water\\app.js'
    ],
    memoryUsage: {
      rss: 38051840,
      heapTotal: 14049280,
      heapUsed: 12417112,
      external: 1101825,
      arrayBuffers: 53832
    }
  },
  os: { loadavg: [ 0, 0, 0 ], uptime: 53246 },
  trace: [
    {
      column: 5,
      file: 'node:internal/errors',
      function: 'new NodeError',
      line: 371,
      method: null,
      native: false
    },
    {
      column: 11,
      file: 'node:_http_outgoing',
      function: 'ServerResponse.setHeader',
      line: 576,
      method: 'setHeader',
      native: false
    },
    {
      column: 10,
      file: 'C:\\Users\\USER\\Desktop\\Skein\\instant-water\\node_modules\\express\\lib\\response.js',
      function: 'ServerResponse.header',
      line: 771,
      method: 'header',
      native: false
    },
    {
      column: 12,
      file: 'C:\\Users\\USER\\Desktop\\Skein\\instant-water\\node_modules\\express\\lib\\response.js',
      function: 'ServerResponse.send',
      line: 170,
      method: 'send',
      native: false
    },
    {
      column: 15,
      file: 'C:\\Users\\USER\\Desktop\\Skein\\instant-water\\node_modules\\express\\lib\\response.js',
      function: 'ServerResponse.json',
      line: 267,
      method: 'json',
      native: false
    },
    {
      column: 21,
      file: 'C:\\Users\\USER\\Desktop\\Skein\\instant-water\\node_modules\\express\\lib\\response.js',
      function: 'ServerResponse.send',
      line: 158,
      method: 'send',
      native: false
    },
    {
      column: 43,
      file: 'C:\\Users\\USER\\Desktop\\Skein\\instant-water\\utils\\response.js',
      function: 'Response._ErrorMessage',
      line: 14,
      method: '_ErrorMessage',
      native: false
    },
    {
      column: 66,
      file: 'C:\\Users\\USER\\Desktop\\Skein\\instant-water\\utils\\error-handler.js',
      function: 'new SpErrorHandler',
      line: 91,
      method: null,
      native: false
    },
    {
      column: 10,
      file: 'C:\\Users\\USER\\Desktop\\Skein\\instant-water\\controller\\user.controller.js',
      function: 'LoginUser',
      line: 105,
      method: null,
      native: false
    }
  ],
  label: undefined,
  timestamp: '2021-12-01T07:12:32.323Z'
}
